<?xml version="1.0" encoding="UTF-8"?>
<!-- Generated by org.testng.reporters.JUnitXMLReporter -->
<testsuite hostname="pushpa-PC" name="Test(failed)" tests="1" failures="1" timestamp="12 Oct 2018 10:36:09 GMT" time="30.499" errors="0">
  <testcase name="main" time="0.059" classname="testcases.CreateAnAccount_TC_exe">
    <failure type="java.io.FileNotFoundException" message="D:\Pushpa System\eclipse-java-mars-2-win32-x86_64\POM Framework\OnlineStore\src\testdata\TestData.xls (The system cannot find the path specified)">
      <![CDATA[java.io.FileNotFoundException: D:\Pushpa System\eclipse-java-mars-2-win32-x86_64\POM Framework\OnlineStore\src\testdata\TestData.xls (The system cannot find the path specified)
	at java.io.FileInputStream.open0(Native Method)
	at java.io.FileInputStream.open(FileInputStream.java:195)
	at java.io.FileInputStream.<init>(FileInputStream.java:138)
	at java.io.FileInputStream.<init>(FileInputStream.java:93)
	at utility.ExcelUtils.setExcelFile(ExcelUtils.java:37)
	at testcases.CreateAnAccount_TC_exe.main(CreateAnAccount_TC_exe.java:108)
... Removed 24 stack frames]]>
    </failure>
  </testcase> <!-- main -->
</testsuite> <!-- Test(failed) -->
