<?xml version="1.0" encoding="UTF-8"?>
<testng-results skipped="0" failed="1" total="1" passed="0">
  <reporter-output>
  </reporter-output>
  <suite name="Failed suite [Suite]" duration-ms="30499" started-at="2018-10-12T10:35:38Z" finished-at="2018-10-12T10:36:09Z">
    <groups>
    </groups>
    <test name="Test(failed)" duration-ms="30499" started-at="2018-10-12T10:35:38Z" finished-at="2018-10-12T10:36:09Z">
      <class name="testcases.CreateAnAccount_TC_exe">
        <test-method status="PASS" signature="beforeMethod()[pri:0, instance:testcases.CreateAnAccount_TC_exe@2ef5e5e3]" name="beforeMethod" is-config="true" duration-ms="30408" started-at="2018-10-12T16:05:38Z" finished-at="2018-10-12T16:06:09Z">
          <reporter-output>
          </reporter-output>
        </test-method> <!-- beforeMethod -->
        <test-method status="FAIL" signature="main()[pri:0, instance:testcases.CreateAnAccount_TC_exe@2ef5e5e3]" name="main" duration-ms="59" started-at="2018-10-12T16:06:09Z" finished-at="2018-10-12T16:06:09Z">
          <exception class="java.io.FileNotFoundException">
            <message>
              <![CDATA[D:\Pushpa System\eclipse-java-mars-2-win32-x86_64\POM Framework\OnlineStore\src\testdata\TestData.xls (The system cannot find the path specified)]]>
            </message>
            <full-stacktrace>
              <![CDATA[java.io.FileNotFoundException: D:\Pushpa System\eclipse-java-mars-2-win32-x86_64\POM Framework\OnlineStore\src\testdata\TestData.xls (The system cannot find the path specified)
	at java.io.FileInputStream.open0(Native Method)
	at java.io.FileInputStream.open(FileInputStream.java:195)
	at java.io.FileInputStream.<init>(FileInputStream.java:138)
	at java.io.FileInputStream.<init>(FileInputStream.java:93)
	at utility.ExcelUtils.setExcelFile(ExcelUtils.java:37)
	at testcases.CreateAnAccount_TC_exe.main(CreateAnAccount_TC_exe.java:108)
	at sun.reflect.NativeMethodAccessorImpl.invoke0(Native Method)
	at sun.reflect.NativeMethodAccessorImpl.invoke(NativeMethodAccessorImpl.java:62)
	at sun.reflect.DelegatingMethodAccessorImpl.invoke(DelegatingMethodAccessorImpl.java:43)
	at java.lang.reflect.Method.invoke(Method.java:498)
	at org.testng.internal.MethodInvocationHelper.invokeMethod(MethodInvocationHelper.java:85)
	at org.testng.internal.Invoker.invokeMethod(Invoker.java:639)
	at org.testng.internal.Invoker.invokeTestMethod(Invoker.java:816)
	at org.testng.internal.Invoker.invokeTestMethods(Invoker.java:1124)
	at org.testng.internal.TestMethodWorker.invokeTestMethods(TestMethodWorker.java:125)
	at org.testng.internal.TestMethodWorker.run(TestMethodWorker.java:108)
	at org.testng.TestRunner.privateRun(TestRunner.java:774)
	at org.testng.TestRunner.run(TestRunner.java:624)
	at org.testng.SuiteRunner.runTest(SuiteRunner.java:359)
	at org.testng.SuiteRunner.runSequentially(SuiteRunner.java:354)
	at org.testng.SuiteRunner.privateRun(SuiteRunner.java:312)
	at org.testng.SuiteRunner.run(SuiteRunner.java:261)
	at org.testng.SuiteRunnerWorker.runSuite(SuiteRunnerWorker.java:52)
	at org.testng.SuiteRunnerWorker.run(SuiteRunnerWorker.java:86)
	at org.testng.TestNG.runSuitesSequentially(TestNG.java:1215)
	at org.testng.TestNG.runSuitesLocally(TestNG.java:1140)
	at org.testng.TestNG.run(TestNG.java:1048)
	at org.testng.remote.AbstractRemoteTestNG.run(AbstractRemoteTestNG.java:126)
	at org.testng.remote.RemoteTestNG.initAndRun(RemoteTestNG.java:137)
	at org.testng.remote.RemoteTestNG.main(RemoteTestNG.java:58)
]]>
            </full-stacktrace>
          </exception> <!-- java.io.FileNotFoundException -->
          <reporter-output>
          </reporter-output>
        </test-method> <!-- main -->
        <test-method status="PASS" signature="afterMethod()[pri:0, instance:testcases.CreateAnAccount_TC_exe@2ef5e5e3]" name="afterMethod" is-config="true" duration-ms="0" started-at="2018-10-12T16:06:09Z" finished-at="2018-10-12T16:06:09Z">
          <reporter-output>
          </reporter-output>
        </test-method> <!-- afterMethod -->
      </class> <!-- testcases.CreateAnAccount_TC_exe -->
    </test> <!-- Test(failed) -->
  </suite> <!-- Failed suite [Suite] -->
</testng-results>
